<저장 안된 도면>,모형,2024-04-16 오후 5:31:11,kimjunghun,DWG To PDF.pc3,ISO A3 (420.00 x 297.00 mm),1:18.3747,
<저장 안된 도면>,모형,2024-04-16 오후 5:41:59,kimjunghun,DWG To PDF.pc3,ISO A3 (420.00 x 297.00 mm),1:17.8177,
<저장 안된 도면>,모형,2024-04-16 오후 5:43:15,kimjunghun,DWG To PDF.pc3,ISO A3 (420.00 x 297.00 mm),1:17.8177,
<저장 안된 도면>,모형,2024-04-16 오후 5:50:58,kimjunghun,DWG To PDF.pc3,ISO A3 (420.00 x 297.00 mm),1:17.8177,
<저장 안된 도면>,모형,2024-04-16 오후 5:55:34,kimjunghun,DWG To PDF.pc3,ISO A3 (420.00 x 297.00 mm),1:17.8177,
<저장 안된 도면>,모형,2024-04-16 오후 5:57:12,kimjunghun,DWG To PDF.pc3,ISO A3 (420.00 x 297.00 mm),1:17.8177,
D:\sample\1_150\OB-40-K-311_INSTRUMENT LOCATION PLAN_Rev.2_완.dwg,모형,2024-04-18 오전 10:56:52,kimjunghun,DWG To PDF.pc3,ISO 전체 페이지 A4(210.00 x 297.00 mm),1:1,
D:\sample\1_150\OB-40-K-311_INSTRUMENT LOCATION PLAN_Rev.2_완.dwg,모형,2024-04-18 오전 11:09:01,kimjunghun,DWG To PDF.pc3,ISO 전체 페이지 A4(210.00 x 297.00 mm),1:1,
D:\sample\1_150\OB-40-K-311_INSTRUMENT LOCATION PLAN_Rev.2_완.dwg,모형,2024-04-18 오전 11:14:43,kimjunghun,DWG To PDF.pc3,ISO 전체 페이지 A4(210.00 x 297.00 mm),1:1,
D:\sample\1_150\OB-40-K-311_INSTRUMENT LOCATION PLAN_Rev.2_완.dwg,모형,2024-04-18 오전 11:20:22,kimjunghun,DWG To PDF.pc3,ISO 전체 페이지 A4(210.00 x 297.00 mm),1:1,
D:\sample\1_150\OB-40-K-311_INSTRUMENT LOCATION PLAN_Rev.2_완.dwg,모형,2024-04-18 오전 11:29:07,kimjunghun,DWG To PDF.pc3,ISO 전체 페이지 A4(210.00 x 297.00 mm),1:1,
D:\sample\1_150\OB-40-K-311_INSTRUMENT LOCATION PLAN_Rev.2_완.dwg,모형,2024-04-18 오전 11:34:25,kimjunghun,DWG To PDF.pc3,ISO 전체 페이지 A4(210.00 x 297.00 mm),1:1,
D:\sample\1_150\OB-40-K-311_INSTRUMENT LOCATION PLAN_Rev.2_완.dwg,모형,2024-04-18 오전 11:37:39,kimjunghun,DWG To PDF.pc3,ISO 전체 페이지 A4(210.00 x 297.00 mm),1:1,
D:\sample\1_150\OB-40-K-311_INSTRUMENT LOCATION PLAN_Rev.2_완.dwg,모형,2024-04-18 오전 11:38:27,kimjunghun,DWG To PDF.pc3,ISO 전체 페이지 A4(210.00 x 297.00 mm),1:1,
D:\sample\1_150\OB-40-K-311_INSTRUMENT LOCATION PLAN_Rev.2_완.dwg,모형,2024-04-18 오전 11:43:24,kimjunghun,DWG To PDF.pc3,ISO 전체 페이지 A4(210.00 x 297.00 mm),1:1,
D:\test\repos\training\Auto_Foundation\Auto_Foundation\bin\Debug\Drawing1.dwg,모형,2024-04-18 오후 2:44:31,kimjunghun,DWG To PDF.pc3,ISO 전체 페이지 A4(210.00 x 297.00 mm),1:10.8937,
D:\test\repos\training\Auto_Foundation\Auto_Foundation\bin\Debug\Drawing1.dwg,모형,2024-04-18 오후 2:44:32,kimjunghun,DWG To PDF.pc3,ISO 전체 페이지 A4(210.00 x 297.00 mm),1:346.667,
D:\test\repos\training\Auto_Foundation\Auto_Foundation\bin\Debug\Drawing1.dwg,모형,2024-04-18 오후 2:47:15,kimjunghun,DWG To PDF.pc3,ISO 전체 페이지 A4(210.00 x 297.00 mm),1:10.8937,
D:\test\repos\training\Auto_Foundation\Auto_Foundation\bin\Debug\Drawing1.dwg,모형,2024-04-18 오후 2:47:17,kimjunghun,DWG To PDF.pc3,ISO 전체 페이지 A4(210.00 x 297.00 mm),1:346.667,
D:\test\repos\training\Auto_Foundation\Auto_Foundation\bin\Debug\Drawing1.dwg,모형,2024-04-18 오후 3:06:28,kimjunghun,DWG To PDF.pc3,ISO 전체 페이지 A4(210.00 x 297.00 mm),1:10.8937,
D:\test\repos\training\Auto_Foundation\Auto_Foundation\bin\Debug\Drawing1.dwg,모형,2024-04-18 오후 3:06:29,kimjunghun,DWG To PDF.pc3,ISO 전체 페이지 A4(210.00 x 297.00 mm),1:346.667,
D:\test\repos\training\Auto_Foundation\Auto_Foundation\bin\Debug\Drawing1.dwg,모형,2024-04-18 오후 5:01:44,kimjunghun,DWG To PDF.pc3,ISO 전체 페이지 A4(210.00 x 297.00 mm),1:1,
D:\test\repos\training\Auto_Foundation\Auto_Foundation\bin\Debug\Drawing1.dwg,모형,2024-04-18 오후 5:01:46,kimjunghun,DWG To PDF.pc3,ISO 전체 페이지 A4(210.00 x 297.00 mm),1:1,
D:\test\repos\training\Auto_Foundation\Auto_Foundation\bin\Debug\Drawing1.dwg,모형,2024-04-18 오후 5:50:44,kimjunghun,DWG To PDF.pc3,ISO 전체 페이지 A4(210.00 x 297.00 mm),1:8.56044e+305,
D:\test\repos\training\Auto_Foundation\Auto_Foundation\bin\Debug\Drawing1.dwg,모형,2024-04-18 오후 5:50:47,kimjunghun,DWG To PDF.pc3,ISO 전체 페이지 A4(210.00 x 297.00 mm),1:8.56044e+305,
D:\test\repos\training\Auto_Foundation\Auto_Foundation\bin\Debug\Drawing1.dwg,모형,2024-04-18 오후 5:52:41,kimjunghun,DWG To PDF.pc3,ISO 전체 페이지 A4(210.00 x 297.00 mm),1:8.56044e+305,
D:\test\repos\training\Auto_Foundation\Auto_Foundation\bin\Debug\Drawing1.dwg,모형,2024-04-18 오후 5:52:43,kimjunghun,DWG To PDF.pc3,ISO 전체 페이지 A4(210.00 x 297.00 mm),1:8.56044e+305,
D:\test\repos\training\Auto_Foundation\Auto_Foundation\bin\Debug\Drawing1.dwg,모형,2024-04-18 오후 5:57:15,kimjunghun,DWG To PDF.pc3,ISO 전체 페이지 A4(210.00 x 297.00 mm),1:8.56044e+305,
D:\test\repos\training\Auto_Foundation\Auto_Foundation\bin\Debug\Drawing1.dwg,모형,2024-04-18 오후 5:57:17,kimjunghun,DWG To PDF.pc3,ISO 전체 페이지 A4(210.00 x 297.00 mm),1:8.56044e+305,
D:\test\repos\training\Auto_Foundation\Auto_Foundation\bin\Debug\Drawing1.dwg,모형,2024-04-19 오전 10:41:19,kimjunghun,DWG To PDF.pc3,ISO 전체 페이지 A4(210.00 x 297.00 mm),1:10.8937,
D:\test\repos\training\Auto_Foundation\Auto_Foundation\bin\Debug\Drawing1.dwg,모형,2024-04-19 오전 10:41:20,kimjunghun,DWG To PDF.pc3,ISO 전체 페이지 A4(210.00 x 297.00 mm),1:346.667,
D:\test\repos\training\Auto_Foundation\Auto_Foundation\bin\Debug\Drawing1.dwg,모형,2024-04-19 오후 3:04:06,kimjunghun,DWG To PDF.pc3,ISO 전체 페이지 A4(210.00 x 297.00 mm),1:949.446,
D:\test\repos\training\Auto_Foundation\Auto_Foundation\bin\Debug\Drawing1.dwg,모형,2024-04-19 오후 3:04:08,kimjunghun,DWG To PDF.pc3,ISO 전체 페이지 A4(210.00 x 297.00 mm),1:42487,
D:\sample\1_150\OB-40-K-311_INSTRUMENT LOCATION PLAN_Rev.2_완.dwg,모형,2024-04-23 오후 3:48:25,kimjunghun,DWG To PDF.pc3,ISO 전체 페이지 A3(420.00 x 297.00 mm),1:300.357,
D:\sample\1_150\OB-40-K-311_INSTRUMENT LOCATION PLAN_Rev.2_완.dwg,모형,2024-04-23 오후 3:59:48,kimjunghun,DWG To PDF.pc3,ISO 전체 페이지 A3(420.00 x 297.00 mm),1:300.357,
D:\sample\1_150\OB-40-K-311_INSTRUMENT LOCATION PLAN_Rev.2_완.dwg,모형,2024-04-23 오후 4:11:07,kimjunghun,DWG To PDF.pc3,ISO 전체 페이지 A3(420.00 x 297.00 mm),1:300.375,
D:\sample\1_150\OB-40-K-311_INSTRUMENT LOCATION PLAN_Rev.2_완.dwg,모형,2024-04-23 오후 4:28:45,kimjunghun,DWG To PDF.pc3,ISO 전체 페이지 A3(420.00 x 297.00 mm),1:2.00238,
D:\sample\1_150\OB-40-K-311_INSTRUMENT LOCATION PLAN_Rev.2_완.dwg,모형,2024-04-23 오후 4:33:22,kimjunghun,DWG To PDF.pc3,ISO 전체 페이지 A3(420.00 x 297.00 mm),1:23.8095,
D:\sample\1_150\OB-40-K-311_INSTRUMENT LOCATION PLAN_Rev.2_완.dwg,모형,2024-04-23 오후 4:56:39,kimjunghun,DWG To PDF.pc3,ISO 전체 페이지 A3(420.00 x 297.00 mm),1:300.357,
D:\sample\1_150\OB-40-K-311_INSTRUMENT LOCATION PLAN_Rev.2_완.dwg,모형,2024-04-23 오후 5:01:08,kimjunghun,DWG To PDF.pc3,ISO 전체 페이지 A3(420.00 x 297.00 mm),1:300.357,
D:\sample\1_150\OB-40-K-311_INSTRUMENT LOCATION PLAN_Rev.2_완.dwg,모형,2024-04-23 오후 5:14:52,kimjunghun,DWG To PDF.pc3,ISO 전체 페이지 A3(420.00 x 297.00 mm),1:2.00238,
D:\sample\1_150\OB-40-K-311_INSTRUMENT LOCATION PLAN_Rev.2_완.dwg,모형,2024-04-23 오후 5:18:52,kimjunghun,DWG To PDF.pc3,ISO 전체 페이지 A3(420.00 x 297.00 mm),1:2.00238,
D:\sample\1_150\OB-40-K-311_INSTRUMENT LOCATION PLAN_Rev.2_완.dwg,모형,2024-04-23 오후 5:23:04,kimjunghun,DWG To PDF.pc3,ISO 전체 페이지 A3(420.00 x 297.00 mm),1:300.357,
D:\sample\1_150\OB-40-K-311_INSTRUMENT LOCATION PLAN_Rev.2_완.dwg,모형,2024-04-23 오후 5:28:22,kimjunghun,DWG To PDF.pc3,ISO 전체 페이지 A3(420.00 x 297.00 mm),1:1,
D:\sample\1_150\OB-40-K-311_INSTRUMENT LOCATION PLAN_Rev.2_완.dwg,모형,2024-04-23 오후 5:58:43,kimjunghun,DWG To PDF.pc3,ISO 전체 페이지 A3(420.00 x 297.00 mm),1:300.357,
D:\sample\1_150\OB-40-K-311_INSTRUMENT LOCATION PLAN_Rev.2_완.dwg,모형,2024-04-24 오전 9:43:54,kimjunghun,DWG To PDF.pc3,ISO 전체 페이지 A3(420.00 x 297.00 mm),1:1,
D:\sample\1_150\OB-40-K-311_INSTRUMENT LOCATION PLAN_Rev.2_완.dwg,모형,2024-04-24 오전 9:58:29,kimjunghun,DWG To PDF.pc3,ISO 전체 페이지 A3(420.00 x 297.00 mm),1:1,
D:\sample\1_150\OB-40-K-311_INSTRUMENT LOCATION PLAN_Rev.2_완.dwg,모형,2024-04-24 오전 10:02:03,kimjunghun,DWG To PDF.pc3,ISO 전체 페이지 A3(420.00 x 297.00 mm),1:1,
D:\sample\1_150\OB-40-K-311_INSTRUMENT LOCATION PLAN_Rev.2_완.dwg,모형,2024-04-24 오전 10:06:32,kimjunghun,DWG To PDF.pc3,ISO 전체 페이지 A3(420.00 x 297.00 mm),1:1,
D:\sample\1_150\OB-40-K-311_INSTRUMENT LOCATION PLAN_Rev.2_완.dwg,모형,2024-04-24 오전 10:14:24,kimjunghun,DWG To PDF.pc3,ISO 전체 페이지 A3(420.00 x 297.00 mm),1:300.357,
D:\sample\1_150\OB-40-K-311_INSTRUMENT LOCATION PLAN_Rev.2_완.dwg,모형,2024-04-24 오전 10:39:41,kimjunghun,DWG To PDF.pc3,ISO 전체 페이지 A3(420.00 x 297.00 mm),1:1,
D:\sample\1_150\OB-40-K-311_INSTRUMENT LOCATION PLAN_Rev.2_완.dwg,모형,2024-04-24 오전 10:42:21,kimjunghun,DWG To PDF.pc3,ISO 전체 페이지 A3(420.00 x 297.00 mm),1:1,
D:\sample\1_150\OB-40-K-311_INSTRUMENT LOCATION PLAN_Rev.2_완.dwg,모형,2024-04-24 오전 10:44:25,kimjunghun,DWG To PDF.pc3,ISO 전체 페이지 A3(420.00 x 297.00 mm),1:1,
D:\sample\1_150\OB-40-K-311_INSTRUMENT LOCATION PLAN_Rev.2_완.dwg,모형,2024-04-24 오전 10:47:41,kimjunghun,DWG To PDF.pc3,ISO 전체 페이지 A3(420.00 x 297.00 mm),1:1,
D:\sample\1_150\OB-40-K-311_INSTRUMENT LOCATION PLAN_Rev.2_완.dwg,모형,2024-04-24 오전 10:58:22,kimjunghun,DWG To PDF.pc3,ISO 전체 페이지 A3(420.00 x 297.00 mm),1:1,
D:\sample\1_150\OB-40-K-311_INSTRUMENT LOCATION PLAN_Rev.2_완.dwg,모형,2024-04-24 오전 11:04:44,kimjunghun,DWG To PDF.pc3,ISO 전체 페이지 A3(420.00 x 297.00 mm),1:1,
D:\sample\1_150\OB-40-K-311_INSTRUMENT LOCATION PLAN_Rev.2_완.dwg,Model,2024-04-24 오전 11:25:55,kimjunghun,DWG To PDF.pc3,ISO 전체 페이지 A3(420.00 x 297.00 mm),1:1,
D:\sample\1_150\OB-40-K-311_INSTRUMENT LOCATION PLAN_Rev.2_완.dwg,Model,2024-04-24 오전 11:45:24,kimjunghun,DWG To PDF.pc3,ISO full bleed A3 (420.00 x 297.00 MM),1:1,
D:\sample\1_150\OB-40-K-312_INSTRUMENT LOCATION PLAN_Rev.2_완.dwg,Model,2024-04-24 오전 11:50:44,kimjunghun,DWG To PDF.pc3,ISO full bleed A3 (420.00 x 297.00 MM),1:1,
D:\sample\1_150\OB-40-K-311_INSTRUMENT LOCATION PLAN_Rev.2_완.dwg,Model,2024-04-24 오후 12:52:26,kimjunghun,DWG To PDF.pc3,ISO full bleed A3 (420.00 x 297.00 MM),1:1,
D:\sample\1_150\OB-40-K-311_INSTRUMENT LOCATION PLAN_Rev.2_완.dwg,Model,2024-04-24 오후 12:55:26,kimjunghun,DWG To PDF.pc3,ISO full bleed A3 (420.00 x 297.00 MM),1:1,
D:\sample\1_150\OB-40-K-311_INSTRUMENT LOCATION PLAN_Rev.2_완.dwg,Model,2024-04-24 오후 1:04:14,kimjunghun,DWG To PDF.pc3,ISO full bleed A3 (420.00 x 297.00 MM),1:1,
D:\sample\1_150\OB-40-K-311_INSTRUMENT LOCATION PLAN_Rev.2_완.dwg,Model,2024-04-24 오후 1:09:33,kimjunghun,DWG To PDF.pc3,ISO full bleed A3 (420.00 x 297.00 MM),1:1,
D:\sample\1_150\OB-40-K-311_INSTRUMENT LOCATION PLAN_Rev.2_완.dwg,Model,2024-04-24 오후 1:14:14,kimjunghun,DWG To PDF.pc3,ISO full bleed A3 (420.00 x 297.00 MM),1:1,
D:\sample\1_150\OB-40-K-311_INSTRUMENT LOCATION PLAN_Rev.2_완.dwg,Model,2024-04-24 오후 1:19:19,kimjunghun,DWG To PDF.pc3,ISO full bleed A3 (420.00 x 297.00 MM),1:1,
D:\sample\1_150\OB-40-K-311_INSTRUMENT LOCATION PLAN_Rev.2_완.dwg,Model,2024-04-24 오후 1:33:18,kimjunghun,DWG To PDF.pc3,ISO full bleed A3 (420.00 x 297.00 MM),1:1,
D:\sample\1_150\OB-40-K-311_INSTRUMENT LOCATION PLAN_Rev.2_완.dwg,Model,2024-04-24 오후 1:40:20,kimjunghun,DWG To PDF.pc3,ISO full bleed A3 (420.00 x 297.00 MM),1:1,
D:\sample\1_150\OB-40-K-311_INSTRUMENT LOCATION PLAN_Rev.2_완.dwg,Model,2024-04-24 오후 1:44:13,kimjunghun,DWG To PDF.pc3,ISO full bleed A3 (420.00 x 297.00 MM),1:1,
D:\sample\1_150\OB-40-K-311_INSTRUMENT LOCATION PLAN_Rev.2_완.dwg,Model,2024-04-24 오후 1:48:26,kimjunghun,DWG To PDF.pc3,ISO full bleed A3 (420.00 x 297.00 MM),1:1,
D:\sample\1_150\OB-40-K-311_INSTRUMENT LOCATION PLAN_Rev.2_완.dwg,Model,2024-04-24 오후 2:26:02,kimjunghun,DWG To PDF.pc3,ISO 전체 페이지 A3(420.00 x 297.00 mm),1:300.357,
D:\sample\1_150\OB-40-K-311_INSTRUMENT LOCATION PLAN_Rev.2_완.dwg,Model,2024-04-24 오후 2:28:25,kimjunghun,DWG To PDF.pc3,ISO 전체 페이지 A3(420.00 x 297.00 mm),1:300.357,
D:\sample\1_150\OB-40-K-311_INSTRUMENT LOCATION PLAN_Rev.2_완.dwg,Model,2024-04-24 오후 2:36:38,kimjunghun,DWG To PDF.pc3,ISO 전체 페이지 A3(420.00 x 297.00 mm),1:300.357,
D:\sample\1_150\OB-40-K-311_INSTRUMENT LOCATION PLAN_Rev.2_완.dwg,Model,2024-04-24 오후 2:49:37,kimjunghun,DWG To PDF.pc3,ISO 전체 페이지 A3(420.00 x 297.00 mm),1:300.357,
D:\sample\1_150\OB-40-K-311_INSTRUMENT LOCATION PLAN_Rev.2_완.dwg,Model,2024-04-24 오후 3:13:30,kimjunghun,DWG To PDF.pc3,ISO 전체 페이지 A3(420.00 x 297.00 mm),1:300.357,
D:\sample\1_150\OB-40-K-311_INSTRUMENT LOCATION PLAN_Rev.2_완.dwg,Model,2024-04-24 오후 3:18:49,kimjunghun,DWG To PDF.pc3,ISO 전체 페이지 A3(420.00 x 297.00 mm),1:300.357,
D:\sample\1_150\OB-40-K-311_INSTRUMENT LOCATION PLAN_Rev.2_완.dwg,Model,2024-04-24 오후 4:24:18,kimjunghun,DWG To PDF.pc3,ISO 전체 페이지 A3(420.00 x 297.00 mm),1:300.375,
D:\sample\1_150\OB-40-K-311_INSTRUMENT LOCATION PLAN_Rev.2_완.dwg,Model,2024-04-24 오후 4:26:17,kimjunghun,DWG To PDF.pc3,ISO 전체 페이지 A3(420.00 x 297.00 mm),1:434.797,
D:\sample\1_150\OB-40-K-311_INSTRUMENT LOCATION PLAN_Rev.2_완.dwg,Model,2024-04-24 오후 4:34:23,kimjunghun,DWG To PDF.pc3,ISO 전체 페이지 A3(420.00 x 297.00 mm),1:300.357,
D:\sample\1_150\OB-40-K-311_INSTRUMENT LOCATION PLAN_Rev.2_완.dwg,Model,2024-04-24 오후 5:17:26,kimjunghun,DWG To PDF.pc3,ISO 전체 페이지 A3(420.00 x 297.00 mm),1:2.00238,
D:\sample\1_150\OB-40-K-311_INSTRUMENT LOCATION PLAN_Rev.2_완.dwg,Model,2024-04-24 오후 5:20:47,kimjunghun,DWG To PDF.pc3,ISO 전체 페이지 A3(420.00 x 297.00 mm),1:2.00238,
D:\sample\1_150\OB-40-K-311_INSTRUMENT LOCATION PLAN_Rev.2_완.dwg,Model,2024-04-24 오후 5:32:34,kimjunghun,DWG To PDF.pc3,ISO 전체 페이지 A3(420.00 x 297.00 mm),1:300.357,
D:\sample\1_150\OB-40-K-311_INSTRUMENT LOCATION PLAN_Rev.2_완.dwg,Model,2024-04-25 오전 11:19:23,kimjunghun,_AutoCAD PDF (General Documentation).pc3,ISO 전체 페이지 A3(297.00 x 420.00 mm),1:300.357,
D:\sample\1_150\OB-40-K-311_INSTRUMENT LOCATION PLAN_Rev.2_완.dwg,배치1,2024-04-25 오전 11:19:34,kimjunghun,_AutoCAD PDF (General Documentation).pc3,ISO 전체 페이지 A4(210.00 x 297.00 mm),1:1,
D:\sample\1_150\OB-40-K-312_INSTRUMENT LOCATION PLAN_Rev.2_완.dwg,Model,2024-04-25 오전 11:19:57,kimjunghun,_AutoCAD PDF (General Documentation).pc3,ISO 전체 페이지 A3(297.00 x 420.00 mm),1:400.476,
D:\sample\1_150\OB-40-K-312_INSTRUMENT LOCATION PLAN_Rev.2_완.dwg,배치1,2024-04-25 오전 11:20:09,kimjunghun,_AutoCAD PDF (General Documentation).pc3,ISO A4 (210.00 x 297.00 mm),1:1,
D:\sample\1_150\OB-40-K-312_INSTRUMENT LOCATION PLAN_Rev.2_완.dwg,배치2,2024-04-25 오전 11:20:20,kimjunghun,_AutoCAD PDF (General Documentation).pc3,ISO A4 (210.00 x 297.00 mm),1:1,
